2020-09-01 === [main] === INFO  === com.ibm.springboot.SpringbootApplication === - Starting SpringbootApplication on DESKTOP-PP6H896 with PID 10024 (C:\Users\ChaoChang\Desktop\project\StudentManageSys\StudentManageSys\target\classes started by ChaoChang in C:\Users\ChaoChang\Desktop\project\StudentManageSys\StudentManageSys)
2020-09-01 === [main] === INFO  === com.ibm.springboot.SpringbootApplication === - No active profile set, falling back to default profiles: default
2020-09-01 === [main] === INFO  === o.s.b.c.e.AnnotationConfigEmbeddedWebApplicationContext === - Refreshing org.springframework.boot.context.embedded.AnnotationConfigEmbeddedWebApplicationContext@2ef3eef9: startup date [Tue Sep 01 14:56:21 CST 2020]; root of context hierarchy
2020-09-01 === [main] === INFO  === o.s.b.c.e.tomcat.TomcatEmbeddedServletContainer === - Tomcat initialized with port(s): 8090 (http)
2020-09-01 === [main] === INFO  === org.apache.catalina.core.StandardService === - Starting service [Tomcat]
2020-09-01 === [main] === INFO  === org.apache.catalina.core.StandardEngine === - Starting Servlet Engine: Apache Tomcat/8.5.27
2020-09-01 === [localhost-startStop-1] === INFO  === o.a.c.core.ContainerBase.[Tomcat].[localhost].[/] === - Initializing Spring embedded WebApplicationContext
2020-09-01 === [localhost-startStop-1] === INFO  === org.springframework.web.context.ContextLoader === - Root WebApplicationContext: initialization completed in 2905 ms
2020-09-01 === [localhost-startStop-1] === INFO  === o.s.boot.web.servlet.ServletRegistrationBean === - Mapping servlet: 'dispatcherServlet' to [/]
2020-09-01 === [localhost-startStop-1] === INFO  === o.s.boot.web.servlet.FilterRegistrationBean === - Mapping filter: 'characterEncodingFilter' to: [/*]
2020-09-01 === [localhost-startStop-1] === INFO  === o.s.boot.web.servlet.FilterRegistrationBean === - Mapping filter: 'hiddenHttpMethodFilter' to: [/*]
2020-09-01 === [localhost-startStop-1] === INFO  === o.s.boot.web.servlet.FilterRegistrationBean === - Mapping filter: 'httpPutFormContentFilter' to: [/*]
2020-09-01 === [localhost-startStop-1] === INFO  === o.s.boot.web.servlet.FilterRegistrationBean === - Mapping filter: 'requestContextFilter' to: [/*]
2020-09-01 === [main] === INFO  === o.s.w.s.m.m.a.RequestMappingHandlerAdapter === - Looking for @ControllerAdvice: org.springframework.boot.context.embedded.AnnotationConfigEmbeddedWebApplicationContext@2ef3eef9: startup date [Tue Sep 01 14:56:21 CST 2020]; root of context hierarchy
2020-09-01 === [main] === INFO  === o.s.w.s.m.m.a.RequestMappingHandlerMapping === - Mapped "{[/async/hello],methods=[GET]}" onto public java.lang.String com.ibm.springboot.controller.AsyncController.hello()
2020-09-01 === [main] === INFO  === o.s.w.s.m.m.a.RequestMappingHandlerMapping === - Mapped "{[/complex/mail/send],methods=[GET]}" onto public java.lang.String com.ibm.springboot.controller.EmailController.complexMailSend() throws javax.mail.MessagingException
2020-09-01 === [main] === INFO  === o.s.w.s.m.m.a.RequestMappingHandlerMapping === - Mapped "{[/simple/mail/send],methods=[GET]}" onto public java.lang.String com.ibm.springboot.controller.EmailController.simpleMailSend()
2020-09-01 === [main] === INFO  === o.s.w.s.m.m.a.RequestMappingHandlerMapping === - Mapped "{[/logging/test],methods=[GET]}" onto public java.lang.String com.ibm.springboot.controller.LoggingController.loggingTest()
2020-09-01 === [main] === INFO  === o.s.w.s.m.m.a.RequestMappingHandlerMapping === - Mapped "{[/department/insert],methods=[POST]}" onto public com.ibm.springboot.bean.Department com.ibm.springboot.controller.MyBatisController.insertDept(com.ibm.springboot.bean.Department)
2020-09-01 === [main] === INFO  === o.s.w.s.m.m.a.RequestMappingHandlerMapping === - Mapped "{[/employee/query/{id}],methods=[GET]}" onto public com.ibm.springboot.bean.Employee com.ibm.springboot.controller.MyBatisController.getEmployee(java.lang.Integer)
2020-09-01 === [main] === INFO  === o.s.w.s.m.m.a.RequestMappingHandlerMapping === - Mapped "{[/employee/insert],methods=[POST]}" onto public void com.ibm.springboot.controller.MyBatisController.insertEmployee(com.ibm.springboot.bean.Employee)
2020-09-01 === [main] === INFO  === o.s.w.s.m.m.a.RequestMappingHandlerMapping === - Mapped "{[/department/update],methods=[PUT]}" onto public void com.ibm.springboot.controller.MyBatisController.updateDept(com.ibm.springboot.bean.Department)
2020-09-01 === [main] === INFO  === o.s.w.s.m.m.a.RequestMappingHandlerMapping === - Mapped "{[/department/query/{id}],methods=[GET]}" onto public com.ibm.springboot.bean.Department com.ibm.springboot.controller.MyBatisController.getDepartment(java.lang.Integer)
2020-09-01 === [main] === INFO  === o.s.w.s.m.m.a.RequestMappingHandlerMapping === - Mapped "{[/department/delete/{id}],methods=[DELETE]}" onto public void com.ibm.springboot.controller.MyBatisController.deleteDepartment(java.lang.Integer)
2020-09-01 === [main] === INFO  === o.s.w.s.m.m.a.RequestMappingHandlerMapping === - Mapped "{[/hello],methods=[GET]}" onto public java.lang.String com.ibm.springboot.controller.SampleController.helloWord()
2020-09-01 === [main] === INFO  === o.s.w.s.m.m.a.RequestMappingHandlerMapping === - Mapped "{[/error]}" onto public org.springframework.http.ResponseEntity<java.util.Map<java.lang.String, java.lang.Object>> org.springframework.boot.autoconfigure.web.BasicErrorController.error(javax.servlet.http.HttpServletRequest)
2020-09-01 === [main] === INFO  === o.s.w.s.m.m.a.RequestMappingHandlerMapping === - Mapped "{[/error],produces=[text/html]}" onto public org.springframework.web.servlet.ModelAndView org.springframework.boot.autoconfigure.web.BasicErrorController.errorHtml(javax.servlet.http.HttpServletRequest,javax.servlet.http.HttpServletResponse)
2020-09-01 === [main] === INFO  === o.s.web.servlet.handler.SimpleUrlHandlerMapping === - Mapped URL path [/webjars/**] onto handler of type [class org.springframework.web.servlet.resource.ResourceHttpRequestHandler]
2020-09-01 === [main] === INFO  === o.s.web.servlet.handler.SimpleUrlHandlerMapping === - Mapped URL path [/**] onto handler of type [class org.springframework.web.servlet.resource.ResourceHttpRequestHandler]
2020-09-01 === [main] === INFO  === o.s.web.servlet.handler.SimpleUrlHandlerMapping === - Mapped URL path [/**/favicon.ico] onto handler of type [class org.springframework.web.servlet.resource.ResourceHttpRequestHandler]
2020-09-01 === [main] === INFO  === o.s.jmx.export.annotation.AnnotationMBeanExporter === - Registering beans for JMX exposure on startup
2020-09-01 === [main] === INFO  === o.s.b.c.e.tomcat.TomcatEmbeddedServletContainer === - Tomcat started on port(s): 8090 (http)
2020-09-01 === [main] === INFO  === com.ibm.springboot.SpringbootApplication === - Started SpringbootApplication in 5.432 seconds (JVM running for 5.946)
2020-09-01 === [http-nio-8090-exec-1] === INFO  === o.a.c.core.ContainerBase.[Tomcat].[localhost].[/] === - Initializing Spring FrameworkServlet 'dispatcherServlet'
2020-09-01 === [http-nio-8090-exec-1] === INFO  === org.springframework.web.servlet.DispatcherServlet === - FrameworkServlet 'dispatcherServlet': initialization started
2020-09-01 === [http-nio-8090-exec-1] === INFO  === org.springframework.web.servlet.DispatcherServlet === - FrameworkServlet 'dispatcherServlet': initialization completed in 28 ms
2020-09-01 === [http-nio-8090-exec-1] === TRACE === com.ibm.springboot.controller.LoggingController === - 这是trace日志...
2020-09-01 === [http-nio-8090-exec-1] === DEBUG === com.ibm.springboot.controller.LoggingController === - 这是debug日志...
2020-09-01 === [http-nio-8090-exec-1] === INFO  === com.ibm.springboot.controller.LoggingController === - 这是info日志...
2020-09-01 === [http-nio-8090-exec-1] === WARN  === com.ibm.springboot.controller.LoggingController === - 这是warn日志...
2020-09-01 === [http-nio-8090-exec-1] === ERROR === com.ibm.springboot.controller.LoggingController === - 这是error日志...
2020-10-28 === [main] === INFO  === com.ibm.springboot.SpringbootApplicationTests === - Starting SpringbootApplicationTests on PC-55 with PID 5644 (started by Administrator in C:\Users\Administrator\Desktop\1028\StudentManageSys\StudentManageSys)
2020-10-28 === [main] === INFO  === com.ibm.springboot.SpringbootApplicationTests === - No active profile set, falling back to default profiles: default
2020-10-28 === [main] === INFO  === o.s.w.context.support.GenericWebApplicationContext === - Refreshing org.springframework.web.context.support.GenericWebApplicationContext@548a24a: startup date [Wed Oct 28 14:54:14 CST 2020]; root of context hierarchy
2020-10-28 === [main] === INFO  === o.s.w.s.m.m.a.RequestMappingHandlerAdapter === - Looking for @ControllerAdvice: org.springframework.web.context.support.GenericWebApplicationContext@548a24a: startup date [Wed Oct 28 14:54:14 CST 2020]; root of context hierarchy
2020-10-28 === [main] === INFO  === o.s.w.s.m.m.a.RequestMappingHandlerMapping === - Mapped "{[/async/hello],methods=[GET]}" onto public java.lang.String com.ibm.springboot.controller.AsyncController.hello()
2020-10-28 === [main] === INFO  === o.s.w.s.m.m.a.RequestMappingHandlerMapping === - Mapped "{[/simple/mail/send],methods=[GET]}" onto public java.lang.String com.ibm.springboot.controller.EmailController.simpleMailSend()
2020-10-28 === [main] === INFO  === o.s.w.s.m.m.a.RequestMappingHandlerMapping === - Mapped "{[/complex/mail/send],methods=[GET]}" onto public java.lang.String com.ibm.springboot.controller.EmailController.complexMailSend() throws javax.mail.MessagingException
2020-10-28 === [main] === INFO  === o.s.w.s.m.m.a.RequestMappingHandlerMapping === - Mapped "{[/logging/test],methods=[GET]}" onto public java.lang.String com.ibm.springboot.controller.LoggingController.loggingTest()
2020-10-28 === [main] === INFO  === o.s.w.s.m.m.a.RequestMappingHandlerMapping === - Mapped "{[/department/insert],methods=[POST]}" onto public com.ibm.springboot.bean.Department com.ibm.springboot.controller.MyBatisController.insertDept(com.ibm.springboot.bean.Department)
2020-10-28 === [main] === INFO  === o.s.w.s.m.m.a.RequestMappingHandlerMapping === - Mapped "{[/department/update],methods=[PUT]}" onto public void com.ibm.springboot.controller.MyBatisController.updateDept(com.ibm.springboot.bean.Department)
2020-10-28 === [main] === INFO  === o.s.w.s.m.m.a.RequestMappingHandlerMapping === - Mapped "{[/department/query/{id}],methods=[GET]}" onto public com.ibm.springboot.bean.Department com.ibm.springboot.controller.MyBatisController.getDepartment(java.lang.Integer)
2020-10-28 === [main] === INFO  === o.s.w.s.m.m.a.RequestMappingHandlerMapping === - Mapped "{[/department/delete/{id}],methods=[DELETE]}" onto public void com.ibm.springboot.controller.MyBatisController.deleteDepartment(java.lang.Integer)
2020-10-28 === [main] === INFO  === o.s.w.s.m.m.a.RequestMappingHandlerMapping === - Mapped "{[/employee/insert],methods=[POST]}" onto public void com.ibm.springboot.controller.MyBatisController.insertEmployee(com.ibm.springboot.bean.Employee)
2020-10-28 === [main] === INFO  === o.s.w.s.m.m.a.RequestMappingHandlerMapping === - Mapped "{[/employee/query/{id}],methods=[GET]}" onto public com.ibm.springboot.bean.Employee com.ibm.springboot.controller.MyBatisController.getEmployee(java.lang.Integer)
2020-10-28 === [main] === INFO  === o.s.w.s.m.m.a.RequestMappingHandlerMapping === - Mapped "{[/hello],methods=[GET]}" onto public java.lang.String com.ibm.springboot.controller.SampleController.helloWord()
2020-10-28 === [main] === INFO  === o.s.w.s.m.m.a.RequestMappingHandlerMapping === - Mapped "{[/error]}" onto public org.springframework.http.ResponseEntity<java.util.Map<java.lang.String, java.lang.Object>> org.springframework.boot.autoconfigure.web.BasicErrorController.error(javax.servlet.http.HttpServletRequest)
2020-10-28 === [main] === INFO  === o.s.w.s.m.m.a.RequestMappingHandlerMapping === - Mapped "{[/error],produces=[text/html]}" onto public org.springframework.web.servlet.ModelAndView org.springframework.boot.autoconfigure.web.BasicErrorController.errorHtml(javax.servlet.http.HttpServletRequest,javax.servlet.http.HttpServletResponse)
2020-10-28 === [main] === INFO  === o.s.web.servlet.handler.SimpleUrlHandlerMapping === - Mapped URL path [/webjars/**] onto handler of type [class org.springframework.web.servlet.resource.ResourceHttpRequestHandler]
2020-10-28 === [main] === INFO  === o.s.web.servlet.handler.SimpleUrlHandlerMapping === - Mapped URL path [/**] onto handler of type [class org.springframework.web.servlet.resource.ResourceHttpRequestHandler]
2020-10-28 === [main] === INFO  === o.s.web.servlet.handler.SimpleUrlHandlerMapping === - Mapped URL path [/**/favicon.ico] onto handler of type [class org.springframework.web.servlet.resource.ResourceHttpRequestHandler]
2020-10-28 === [main] === INFO  === com.ibm.springboot.SpringbootApplicationTests === - Started SpringbootApplicationTests in 3.099 seconds (JVM running for 3.924)
2020-10-28 === [Thread-3] === INFO  === o.s.w.context.support.GenericWebApplicationContext === - Closing org.springframework.web.context.support.GenericWebApplicationContext@548a24a: startup date [Wed Oct 28 14:54:14 CST 2020]; root of context hierarchy
2020-10-28 === [restartedMain] === INFO  === com.ibm.springboot.SpringbootApplication === - Starting SpringbootApplication on PC-55 with PID 5712 (C:\Users\Administrator\Desktop\1028\StudentManageSys\StudentManageSys\target\classes started by Administrator in C:\Users\Administrator\Desktop\1028\StudentManageSys\StudentManageSys)
2020-10-28 === [restartedMain] === INFO  === com.ibm.springboot.SpringbootApplication === - No active profile set, falling back to default profiles: default
2020-10-28 === [restartedMain] === INFO  === o.s.b.c.e.AnnotationConfigEmbeddedWebApplicationContext === - Refreshing org.springframework.boot.context.embedded.AnnotationConfigEmbeddedWebApplicationContext@6ed137ce: startup date [Wed Oct 28 14:55:36 CST 2020]; root of context hierarchy
2020-10-28 === [restartedMain] === INFO  === o.s.b.c.e.tomcat.TomcatEmbeddedServletContainer === - Tomcat initialized with port(s): 8090 (http)
2020-10-28 === [restartedMain] === INFO  === org.apache.catalina.core.StandardService === - Starting service [Tomcat]
2020-10-28 === [restartedMain] === INFO  === org.apache.catalina.core.StandardEngine === - Starting Servlet Engine: Apache Tomcat/8.5.27
2020-10-28 === [localhost-startStop-1] === INFO  === o.a.c.core.ContainerBase.[Tomcat].[localhost].[/] === - Initializing Spring embedded WebApplicationContext
2020-10-28 === [localhost-startStop-1] === INFO  === org.springframework.web.context.ContextLoader === - Root WebApplicationContext: initialization completed in 1639 ms
2020-10-28 === [localhost-startStop-1] === INFO  === o.s.boot.web.servlet.ServletRegistrationBean === - Mapping servlet: 'dispatcherServlet' to [/]
2020-10-28 === [localhost-startStop-1] === INFO  === o.s.boot.web.servlet.FilterRegistrationBean === - Mapping filter: 'characterEncodingFilter' to: [/*]
2020-10-28 === [localhost-startStop-1] === INFO  === o.s.boot.web.servlet.FilterRegistrationBean === - Mapping filter: 'hiddenHttpMethodFilter' to: [/*]
2020-10-28 === [localhost-startStop-1] === INFO  === o.s.boot.web.servlet.FilterRegistrationBean === - Mapping filter: 'httpPutFormContentFilter' to: [/*]
2020-10-28 === [localhost-startStop-1] === INFO  === o.s.boot.web.servlet.FilterRegistrationBean === - Mapping filter: 'requestContextFilter' to: [/*]
2020-10-28 === [restartedMain] === INFO  === o.s.w.s.m.m.a.RequestMappingHandlerAdapter === - Looking for @ControllerAdvice: org.springframework.boot.context.embedded.AnnotationConfigEmbeddedWebApplicationContext@6ed137ce: startup date [Wed Oct 28 14:55:36 CST 2020]; root of context hierarchy
2020-10-28 === [restartedMain] === INFO  === o.s.w.s.m.m.a.RequestMappingHandlerMapping === - Mapped "{[/async/hello],methods=[GET]}" onto public java.lang.String com.ibm.springboot.controller.AsyncController.hello()
2020-10-28 === [restartedMain] === INFO  === o.s.w.s.m.m.a.RequestMappingHandlerMapping === - Mapped "{[/simple/mail/send],methods=[GET]}" onto public java.lang.String com.ibm.springboot.controller.EmailController.simpleMailSend()
2020-10-28 === [restartedMain] === INFO  === o.s.w.s.m.m.a.RequestMappingHandlerMapping === - Mapped "{[/complex/mail/send],methods=[GET]}" onto public java.lang.String com.ibm.springboot.controller.EmailController.complexMailSend() throws javax.mail.MessagingException
2020-10-28 === [restartedMain] === INFO  === o.s.w.s.m.m.a.RequestMappingHandlerMapping === - Mapped "{[/logging/test],methods=[GET]}" onto public java.lang.String com.ibm.springboot.controller.LoggingController.loggingTest()
2020-10-28 === [restartedMain] === INFO  === o.s.w.s.m.m.a.RequestMappingHandlerMapping === - Mapped "{[/department/insert],methods=[POST]}" onto public com.ibm.springboot.bean.Department com.ibm.springboot.controller.MyBatisController.insertDept(com.ibm.springboot.bean.Department)
2020-10-28 === [restartedMain] === INFO  === o.s.w.s.m.m.a.RequestMappingHandlerMapping === - Mapped "{[/department/update],methods=[PUT]}" onto public void com.ibm.springboot.controller.MyBatisController.updateDept(com.ibm.springboot.bean.Department)
2020-10-28 === [restartedMain] === INFO  === o.s.w.s.m.m.a.RequestMappingHandlerMapping === - Mapped "{[/department/query/{id}],methods=[GET]}" onto public com.ibm.springboot.bean.Department com.ibm.springboot.controller.MyBatisController.getDepartment(java.lang.Integer)
2020-10-28 === [restartedMain] === INFO  === o.s.w.s.m.m.a.RequestMappingHandlerMapping === - Mapped "{[/department/delete/{id}],methods=[DELETE]}" onto public void com.ibm.springboot.controller.MyBatisController.deleteDepartment(java.lang.Integer)
2020-10-28 === [restartedMain] === INFO  === o.s.w.s.m.m.a.RequestMappingHandlerMapping === - Mapped "{[/employee/insert],methods=[POST]}" onto public void com.ibm.springboot.controller.MyBatisController.insertEmployee(com.ibm.springboot.bean.Employee)
2020-10-28 === [restartedMain] === INFO  === o.s.w.s.m.m.a.RequestMappingHandlerMapping === - Mapped "{[/employee/query/{id}],methods=[GET]}" onto public com.ibm.springboot.bean.Employee com.ibm.springboot.controller.MyBatisController.getEmployee(java.lang.Integer)
2020-10-28 === [restartedMain] === INFO  === o.s.w.s.m.m.a.RequestMappingHandlerMapping === - Mapped "{[/hello],methods=[GET]}" onto public java.lang.String com.ibm.springboot.controller.SampleController.helloWord()
2020-10-28 === [restartedMain] === INFO  === o.s.w.s.m.m.a.RequestMappingHandlerMapping === - Mapped "{[/error]}" onto public org.springframework.http.ResponseEntity<java.util.Map<java.lang.String, java.lang.Object>> org.springframework.boot.autoconfigure.web.BasicErrorController.error(javax.servlet.http.HttpServletRequest)
2020-10-28 === [restartedMain] === INFO  === o.s.w.s.m.m.a.RequestMappingHandlerMapping === - Mapped "{[/error],produces=[text/html]}" onto public org.springframework.web.servlet.ModelAndView org.springframework.boot.autoconfigure.web.BasicErrorController.errorHtml(javax.servlet.http.HttpServletRequest,javax.servlet.http.HttpServletResponse)
2020-10-28 === [restartedMain] === INFO  === o.s.web.servlet.handler.SimpleUrlHandlerMapping === - Mapped URL path [/webjars/**] onto handler of type [class org.springframework.web.servlet.resource.ResourceHttpRequestHandler]
2020-10-28 === [restartedMain] === INFO  === o.s.web.servlet.handler.SimpleUrlHandlerMapping === - Mapped URL path [/**] onto handler of type [class org.springframework.web.servlet.resource.ResourceHttpRequestHandler]
2020-10-28 === [restartedMain] === INFO  === o.s.web.servlet.handler.SimpleUrlHandlerMapping === - Mapped URL path [/**/favicon.ico] onto handler of type [class org.springframework.web.servlet.resource.ResourceHttpRequestHandler]
2020-10-28 === [restartedMain] === INFO  === o.s.b.d.autoconfigure.OptionalLiveReloadServer === - LiveReload server is running on port 35729
2020-10-28 === [restartedMain] === INFO  === o.s.jmx.export.annotation.AnnotationMBeanExporter === - Registering beans for JMX exposure on startup
2020-10-28 === [restartedMain] === INFO  === o.s.b.c.e.tomcat.TomcatEmbeddedServletContainer === - Tomcat started on port(s): 8090 (http)
2020-10-28 === [restartedMain] === INFO  === com.ibm.springboot.SpringbootApplication === - Started SpringbootApplication in 3.481 seconds (JVM running for 3.918)
2020-10-28 === [Thread-6] === INFO  === o.s.b.c.e.AnnotationConfigEmbeddedWebApplicationContext === - Closing org.springframework.boot.context.embedded.AnnotationConfigEmbeddedWebApplicationContext@6ed137ce: startup date [Wed Oct 28 14:55:36 CST 2020]; root of context hierarchy
2020-10-28 === [Thread-6] === INFO  === o.s.jmx.export.annotation.AnnotationMBeanExporter === - Unregistering JMX-exposed beans on shutdown
